#
# There is insufficient memory for the Java Runtime Environment to continue.
# Native memory allocation (mmap) failed to map 65536 bytes for Failed to commit metaspace.
# Possible reasons:
#   The system is out of physical RAM or swap space
#   The process is running with CompressedOops enabled, and the Java Heap may be blocking the growth of the native heap
# Possible solutions:
#   Reduce memory load on the system
#   Increase physical memory or swap space
#   Check if swap backing store is full
#   Decrease Java heap size (-Xmx/-Xms)
#   Decrease number of Java threads
#   Decrease Java thread stack sizes (-Xss)
#   Set larger code cache with -XX:ReservedCodeCacheSize=
#   JVM is running with Unscaled Compressed Oops mode in which the Java heap is
#     placed in the first 4GB address space. The Java Heap base address is the
#     maximum limit for the native heap growth. Please use -XX:HeapBaseMinAddress
#     to set the Java Heap base and to place the Java Heap above 4GB virtual address.
# This output file may be truncated or incomplete.
#
#  Out of Memory Error (virtualSpaceNode.cpp:110), pid=11056, tid=10436
#
# JRE version: Java(TM) SE Runtime Environment (20.0.2+9) (build 20.0.2+9-78)
# Java VM: Java HotSpot(TM) 64-Bit Server VM (20.0.2+9-78, mixed mode, tiered, compressed oops, compressed class ptrs, g1 gc, windows-amd64)
# No core dump will be written. Minidumps are not enabled by default on client versions of Windows
#

---------------  S U M M A R Y ------------

Command Line: -Dfile.encoding=UTF-8 -Dstdout.encoding=UTF-8 -Dstderr.encoding=UTF-8 --module-path=C:\Users\yiche\new-eclipse-workspace\A2part3\bin -XX:+ShowCodeDetailsInExceptionMessages -Djdk.module.main=A2part3 A2part3/A2part3.a2Part1

Host: Intel(R) Celeron(R) N4000 CPU @ 1.10GHz, 2 cores, 3G,  Windows 10 , 64 bit Build 19041 (10.0.19041.2546)
Time: Sun Apr 28 23:50:55 2024 New Zealand Standard Time elapsed time: 0.875334 seconds (0d 0h 0m 0s)

---------------  T H R E A D  ---------------

Current thread (0x000001f5b05ecff0):  JavaThread "main" [_thread_in_vm, id=10436, stack(0x0000009650d00000,0x0000009650e00000)]

Stack: [0x0000009650d00000,0x0000009650e00000]
Native frames: (J=compiled Java code, j=interpreted, Vv=VM code, C=native code)
V  [jvm.dll+0x6bc25a]
V  [jvm.dll+0x84971a]
V  [jvm.dll+0x84b315]
V  [jvm.dll+0x84ba13]
V  [jvm.dll+0x280e4f]
V  [jvm.dll+0x84565b]
V  [jvm.dll+0x660616]
V  [jvm.dll+0x66067a]
V  [jvm.dll+0x662f53]
V  [jvm.dll+0x662e1e]
V  [jvm.dll+0x66102e]
V  [jvm.dll+0x66b6a7]
V  [jvm.dll+0x21b712]
V  [jvm.dll+0x21bc45]
V  [jvm.dll+0x21c631]
V  [jvm.dll+0x211a50]
V  [jvm.dll+0x59c7cc]
V  [jvm.dll+0x22303a]
V  [jvm.dll+0x7c38c4]
V  [jvm.dll+0x7c4a0f]
V  [jvm.dll+0x7c51d0]
V  [jvm.dll+0x21ca45]
V  [jvm.dll+0x211a69]
V  [jvm.dll+0x59c7cc]
V  [jvm.dll+0x22303a]
V  [jvm.dll+0x7c38c4]
V  [jvm.dll+0x7c4a0f]
V  [jvm.dll+0x7c4fbf]
V  [jvm.dll+0x7c4c68]
V  [jvm.dll+0x2705bb]
V  [jvm.dll+0x3d8fd6]
C  0x000001f5c1d2f539

Java frames: (J=compiled Java code, j=interpreted, Vv=VM code)
j  jdk.internal.org.objectweb.asm.SymbolTable.<init>(Ljdk/internal/org/objectweb/asm/ClassWriter;)V+18 java.base@20.0.2
j  jdk.internal.org.objectweb.asm.ClassWriter.<init>(Ljdk/internal/org/objectweb/asm/ClassReader;I)V+21 java.base@20.0.2
j  jdk.internal.org.objectweb.asm.ClassWriter.<init>(I)V+3 java.base@20.0.2
j  java.lang.invoke.InvokerBytecodeGenerator.classFilePrologue()Ljdk/internal/org/objectweb/asm/ClassWriter;+7 java.base@20.0.2
j  java.lang.invoke.InvokerBytecodeGenerator.generateCustomizedCodeBytes()[B+1 java.base@20.0.2
j  java.lang.invoke.InvokerBytecodeGenerator.generateCustomizedCode(Ljava/lang/invoke/LambdaForm;Ljava/lang/invoke/MethodType;)Ljava/lang/invoke/MemberName;+27 java.base@20.0.2
j  java.lang.invoke.LambdaForm.compileToBytecode()V+69 java.base@20.0.2
j  java.lang.invoke.LambdaForm.prepare()V+21 java.base@20.0.2
j  java.lang.invoke.MethodHandle.<init>(Ljava/lang/invoke/MethodType;Ljava/lang/invoke/LambdaForm;)V+33 java.base@20.0.2
j  java.lang.invoke.BoundMethodHandle.<init>(Ljava/lang/invoke/MethodType;Ljava/lang/invoke/LambdaForm;)V+3 java.base@20.0.2
j  java.lang.invoke.BoundMethodHandle$Species_L.<init>(Ljava/lang/invoke/MethodType;Ljava/lang/invoke/LambdaForm;Ljava/lang/Object;)V+3 java.base@20.0.2
j  java.lang.invoke.BoundMethodHandle$Species_L.copyWith(Ljava/lang/invoke/MethodType;Ljava/lang/invoke/LambdaForm;)Ljava/lang/invoke/BoundMethodHandle;+10 java.base@20.0.2
j  java.lang.invoke.MethodHandles.dropArgumentsTrusted(Ljava/lang/invoke/MethodHandle;I[Ljava/lang/Class;)Ljava/lang/invoke/MethodHandle;+103 java.base@20.0.2
j  java.lang.invoke.MethodHandles.dropArguments(Ljava/lang/invoke/MethodHandle;I[Ljava/lang/Class;)Ljava/lang/invoke/MethodHandle;+9 java.base@20.0.2
j  jdk.internal.reflect.MethodHandleAccessorFactory.makeSpecializedTarget(Ljava/lang/invoke/MethodHandle;ZZ)Ljava/lang/invoke/MethodHandle;+86 java.base@20.0.2
j  jdk.internal.reflect.MethodHandleAccessorFactory.getDirectMethod(Ljava/lang/reflect/Method;Z)Ljava/lang/invoke/MethodHandle;+79 java.base@20.0.2
j  jdk.internal.reflect.MethodHandleAccessorFactory.newMethodAccessor(Ljava/lang/reflect/Method;Z)Ljdk/internal/reflect/MethodAccessorImpl;+41 java.base@20.0.2
j  jdk.internal.reflect.ReflectionFactory.newMethodAccessor(Ljava/lang/reflect/Method;Z)Ljdk/internal/reflect/MethodAccessor;+28 java.base@20.0.2
j  java.lang.reflect.Method.acquireMethodAccessor()Ljdk/internal/reflect/MethodAccessor;+38 java.base@20.0.2
j  java.lang.reflect.Method.invoke(Ljava/lang/Object;[Ljava/lang/Object;)Ljava/lang/Object;+75 java.base@20.0.2
j  java.lang.Class.getEnumConstantsShared()[Ljava/lang/Object;+49 java.base@20.0.2
j  java.lang.System$2.getEnumConstantsShared(Ljava/lang/Class;)[Ljava/lang/Enum;+1 java.base@20.0.2
j  java.util.EnumMap.getKeyUniverse(Ljava/lang/Class;)[Ljava/lang/Enum;+4 java.base@20.0.2
j  java.util.EnumMap.<init>(Ljava/lang/Class;)V+16 java.base@20.0.2
j  java.util.stream.StreamOpFlag.set(Ljava/util/stream/StreamOpFlag$Type;)Ljava/util/stream/StreamOpFlag$MaskBuilder;+10 java.base@20.0.2
j  java.util.stream.StreamOpFlag.<clinit>()V+11 java.base@20.0.2
v  ~StubRoutines::call_stub 0x000001f5c1d01015
j  java.util.stream.StreamSupport.stream(Ljava/util/Spliterator;Z)Ljava/util/stream/Stream;+11 java.base@20.0.2
j  java.util.Collection.stream()Ljava/util/stream/Stream;+7 java.base@20.0.2
j  java.lang.module.ModuleFinder$2.find(Ljava/lang/String;)Ljava/util/Optional;+27 java.base@20.0.2
j  java.lang.module.Resolver.findWithBeforeFinder(Ljava/lang/String;)Ljava/lang/module/ModuleReference;+5 java.base@20.0.2
j  java.lang.module.Resolver.resolve(Ljava/util/Collection;)Ljava/lang/module/Resolver;+38 java.base@20.0.2
j  java.lang.module.Configuration.resolveAndBind(Ljava/lang/module/ModuleFinder;Ljava/util/Collection;Ljava/io/PrintStream;)Ljava/lang/module/Configuration;+29 java.base@20.0.2
j  java.lang.module.ModuleDescriptor$1.resolveAndBind(Ljava/lang/module/ModuleFinder;Ljava/util/Collection;Ljava/io/PrintStream;)Ljava/lang/module/Configuration;+3 java.base@20.0.2
j  jdk.internal.module.Modules.newBootLayerConfiguration(Ljava/lang/module/ModuleFinder;Ljava/util/Collection;Ljava/io/PrintStream;)Ljava/lang/module/Configuration;+6 java.base@20.0.2
j  jdk.internal.module.ModuleBootstrap.boot2()Ljava/lang/ModuleLayer;+896 java.base@20.0.2
j  jdk.internal.module.ModuleBootstrap.boot()Ljava/lang/ModuleLayer;+64 java.base@20.0.2
j  java.lang.System.initPhase2(ZZ)I+0 java.base@20.0.2
v  ~StubRoutines::call_stub 0x000001f5c1d01015

---------------  P R O C E S S  ---------------

Threads class SMR info:
_java_thread_list=0x000001f5ccda64e0, length=9, elements={
0x000001f5b05ecff0, 0x000001f5ccda8830, 0x000001f5ccde3120, 0x000001f5ccde4620,
0x000001f5ccde5f70, 0x000001f5ccdeb030, 0x000001f5ccdeb970, 0x000001f5ccded860,
0x000001f5ccdff2e0
}

Java Threads: ( => current thread )
=>0x000001f5b05ecff0 JavaThread "main" [_thread_in_vm, id=10436, stack(0x0000009650d00000,0x0000009650e00000)]
  0x000001f5ccda8830 JavaThread "Reference Handler" daemon [_thread_blocked, id=12872, stack(0x0000009651400000,0x0000009651500000)]
  0x000001f5ccde3120 JavaThread "Finalizer" daemon [_thread_blocked, id=2592, stack(0x0000009651500000,0x0000009651600000)]
  0x000001f5ccde4620 JavaThread "Signal Dispatcher" daemon [_thread_blocked, id=9312, stack(0x0000009651600000,0x0000009651700000)]
  0x000001f5ccde5f70 JavaThread "Attach Listener" daemon [_thread_blocked, id=3060, stack(0x0000009651700000,0x0000009651800000)]
  0x000001f5ccdeb030 JavaThread "Service Thread" daemon [_thread_blocked, id=7132, stack(0x0000009651800000,0x0000009651900000)]
  0x000001f5ccdeb970 JavaThread "Monitor Deflation Thread" daemon [_thread_blocked, id=8564, stack(0x0000009651900000,0x0000009651a00000)]
  0x000001f5ccded860 JavaThread "C2 CompilerThread0" daemon [_thread_blocked, id=2044, stack(0x0000009651a00000,0x0000009651b00000)]
  0x000001f5ccdff2e0 JavaThread "C1 CompilerThread0" daemon [_thread_blocked, id=2892, stack(0x0000009651b00000,0x0000009651c00000)]

Other Threads:
  0x000001f5ccd6f720 VMThread "VM Thread" [stack: 0x0000009651300000,0x0000009651400000] [id=11984]
  0x000001f5b27296f0 WorkerThread "GC Thread#0" [stack: 0x0000009650e00000,0x0000009650f00000] [id=10248]
  0x000001f5b2732a40 ConcurrentGCThread "G1 Main Marker" [stack: 0x0000009650f00000,0x0000009651000000] [id=6588]
  0x000001f5b2734dc0 WorkerThread "G1 Conc#0" [stack: 0x0000009651000000,0x0000009651100000] [id=3924]
  0x000001f5b277e410 ConcurrentGCThread "G1 Refine#0" [stack: 0x0000009651100000,0x0000009651200000] [id=7248]
  0x000001f5b277eeb0 ConcurrentGCThread "G1 Service" [stack: 0x0000009651200000,0x0000009651300000] [id=14092]

Threads with active compile tasks:

VM state: not at safepoint (normal execution)

VM Mutex/Monitor currently owned by a thread:  ([mutex/lock_event])
[0x000001f5b26e6ae0] Metaspace_lock - owner thread: 0x000001f5b05ecff0

Heap address: 0x00000000c2c00000, size: 980 MB, Compressed Oops mode: 32-bit

CDS archive(s) not mapped
Compressed class space mapped at: 0x0000000100000000-0x0000000140000000, reserved size: 1073741824
Narrow klass base: 0x0000000000000000, Narrow klass shift: 3, Narrow klass range: 0x140000000

GC Precious Log:
 CardTable entry size: 512
 Card Set container configuration: InlinePtr #cards 5 size 8 Array Of Cards #cards 12 size 40 Howl #buckets 4 coarsen threshold 1843 Howl Bitmap #cards 512 size 80 coarsen threshold 460 Card regions per heap region 1 cards per card region 2048
 CPUs: 2 total, 2 available
 Memory: 3919M
 Large Page Support: Disabled
 NUMA Support: Disabled
 Compressed Oops: Enabled (32-bit)
 Heap Region Size: 1M
 Heap Min Capacity: 8M
 Heap Initial Capacity: 62M
 Heap Max Capacity: 980M
 Pre-touch: Disabled
 Parallel Workers: 2
 Concurrent Workers: 1
 Concurrent Refinement Workers: 2
 Periodic GC: Disabled

Heap:
 garbage-first heap   total 63488K, used 0K [0x00000000c2c00000, 0x0000000100000000)
  region size 1024K, 1 young (1024K), 0 survivors (0K)
 Metaspace       used 4846K, committed 4864K, reserved 1114112K
  class space    used 366K, committed 384K, reserved 1048576K

Heap Regions: E=young(eden), S=young(survivor), O=old, HS=humongous(starts), HC=humongous(continues), CS=collection set, F=free, OA=open archive, CA=closed archive, TAMS=top-at-mark-start, PB=parsable bottom
|   0|0x00000000c2c00000, 0x00000000c2c00000, 0x00000000c2d00000|  0%| F|  |TAMS 0x00000000c2c00000| PB 0x00000000c2c00000| Untracked 
|   1|0x00000000c2d00000, 0x00000000c2d00000, 0x00000000c2e00000|  0%| F|  |TAMS 0x00000000c2d00000| PB 0x00000000c2d00000| Untracked 
|   2|0x00000000c2e00000, 0x00000000c2e00000, 0x00000000c2f00000|  0%| F|  |TAMS 0x00000000c2e00000| PB 0x00000000c2e00000| Untracked 
|   3|0x00000000c2f00000, 0x00000000c2f00000, 0x00000000c3000000|  0%| F|  |TAMS 0x00000000c2f00000| PB 0x00000000c2f00000| Untracked 
|   4|0x00000000c3000000, 0x00000000c3000000, 0x00000000c3100000|  0%| F|  |TAMS 0x00000000c3000000| PB 0x00000000c3000000| Untracked 
|   5|0x00000000c3100000, 0x00000000c3100000, 0x00000000c3200000|  0%| F|  |TAMS 0x00000000c3100000| PB 0x00000000c3100000| Untracked 
|   6|0x00000000c3200000, 0x00000000c3200000, 0x00000000c3300000|  0%| F|  |TAMS 0x00000000c3200000| PB 0x00000000c3200000| Untracked 
|   7|0x00000000c3300000, 0x00000000c3300000, 0x00000000c3400000|  0%| F|  |TAMS 0x00000000c3300000| PB 0x00000000c3300000| Untracked 
|   8|0x00000000c3400000, 0x00000000c3400000, 0x00000000c3500000|  0%| F|  |TAMS 0x00000000c3400000| PB 0x00000000c3400000| Untracked 
|   9|0x00000000c3500000, 0x00000000c3500000, 0x00000000c3600000|  0%| F|  |TAMS 0x00000000c3500000| PB 0x00000000c3500000| Untracked 
|  10|0x00000000c3600000, 0x00000000c3600000, 0x00000000c3700000|  0%| F|  |TAMS 0x00000000c3600000| PB 0x00000000c3600000| Untracked 
|  11|0x00000000c3700000, 0x00000000c3700000, 0x00000000c3800000|  0%| F|  |TAMS 0x00000000c3700000| PB 0x00000000c3700000| Untracked 
|  12|0x00000000c3800000, 0x00000000c3800000, 0x00000000c3900000|  0%| F|  |TAMS 0x00000000c3800000| PB 0x00000000c3800000| Untracked 
|  13|0x00000000c3900000, 0x00000000c3900000, 0x00000000c3a00000|  0%| F|  |TAMS 0x00000000c3900000| PB 0x00000000c3900000| Untracked 
|  14|0x00000000c3a00000, 0x00000000c3a00000, 0x00000000c3b00000|  0%| F|  |TAMS 0x00000000c3a00000| PB 0x00000000c3a00000| Untracked 
|  15|0x00000000c3b00000, 0x00000000c3b00000, 0x00000000c3c00000|  0%| F|  |TAMS 0x00000000c3b00000| PB 0x00000000c3b00000| Untracked 
|  16|0x00000000c3c00000, 0x00000000c3c00000, 0x00000000c3d00000|  0%| F|  |TAMS 0x00000000c3c00000| PB 0x00000000c3c00000| Untracked 
|  17|0x00000000c3d00000, 0x00000000c3d00000, 0x00000000c3e00000|  0%| F|  |TAMS 0x00000000c3d00000| PB 0x00000000c3d00000| Untracked 
|  18|0x00000000c3e00000, 0x00000000c3e00000, 0x00000000c3f00000|  0%| F|  |TAMS 0x00000000c3e00000| PB 0x00000000c3e00000| Untracked 
|  19|0x00000000c3f00000, 0x00000000c3f00000, 0x00000000c4000000|  0%| F|  |TAMS 0x00000000c3f00000| PB 0x00000000c3f00000| Untracked 
|  20|0x00000000c4000000, 0x00000000c4000000, 0x00000000c4100000|  0%| F|  |TAMS 0x00000000c4000000| PB 0x00000000c4000000| Untracked 
|  21|0x00000000c4100000, 0x00000000c4100000, 0x00000000c4200000|  0%| F|  |TAMS 0x00000000c4100000| PB 0x00000000c4100000| Untracked 
|  22|0x00000000c4200000, 0x00000000c4200000, 0x00000000c4300000|  0%| F|  |TAMS 0x00000000c4200000| PB 0x00000000c4200000| Untracked 
|  23|0x00000000c4300000, 0x00000000c4300000, 0x00000000c4400000|  0%| F|  |TAMS 0x00000000c4300000| PB 0x00000000c4300000| Untracked 
|  24|0x00000000c4400000, 0x00000000c4400000, 0x00000000c4500000|  0%| F|  |TAMS 0x00000000c4400000| PB 0x00000000c4400000| Untracked 
|  25|0x00000000c4500000, 0x00000000c4500000, 0x00000000c4600000|  0%| F|  |TAMS 0x00000000c4500000| PB 0x00000000c4500000| Untracked 
|  26|0x00000000c4600000, 0x00000000c4600000, 0x00000000c4700000|  0%| F|  |TAMS 0x00000000c4600000| PB 0x00000000c4600000| Untracked 
|  27|0x00000000c4700000, 0x00000000c4700000, 0x00000000c4800000|  0%| F|  |TAMS 0x00000000c4700000| PB 0x00000000c4700000| Untracked 
|  28|0x00000000c4800000, 0x00000000c4800000, 0x00000000c4900000|  0%| F|  |TAMS 0x00000000c4800000| PB 0x00000000c4800000| Untracked 
|  29|0x00000000c4900000, 0x00000000c4900000, 0x00000000c4a00000|  0%| F|  |TAMS 0x00000000c4900000| PB 0x00000000c4900000| Untracked 
|  30|0x00000000c4a00000, 0x00000000c4a00000, 0x00000000c4b00000|  0%| F|  |TAMS 0x00000000c4a00000| PB 0x00000000c4a00000| Untracked 
|  31|0x00000000c4b00000, 0x00000000c4b00000, 0x00000000c4c00000|  0%| F|  |TAMS 0x00000000c4b00000| PB 0x00000000c4b00000| Untracked 
|  32|0x00000000c4c00000, 0x00000000c4c00000, 0x00000000c4d00000|  0%| F|  |TAMS 0x00000000c4c00000| PB 0x00000000c4c00000| Untracked 
|  33|0x00000000c4d00000, 0x00000000c4d00000, 0x00000000c4e00000|  0%| F|  |TAMS 0x00000000c4d00000| PB 0x00000000c4d00000| Untracked 
|  34|0x00000000c4e00000, 0x00000000c4e00000, 0x00000000c4f00000|  0%| F|  |TAMS 0x00000000c4e00000| PB 0x00000000c4e00000| Untracked 
|  35|0x00000000c4f00000, 0x00000000c4f00000, 0x00000000c5000000|  0%| F|  |TAMS 0x00000000c4f00000| PB 0x00000000c4f00000| Untracked 
|  36|0x00000000c5000000, 0x00000000c5000000, 0x00000000c5100000|  0%| F|  |TAMS 0x00000000c5000000| PB 0x00000000c5000000| Untracked 
|  37|0x00000000c5100000, 0x00000000c5100000, 0x00000000c5200000|  0%| F|  |TAMS 0x00000000c5100000| PB 0x00000000c5100000| Untracked 
|  38|0x00000000c5200000, 0x00000000c5200000, 0x00000000c5300000|  0%| F|  |TAMS 0x00000000c5200000| PB 0x00000000c5200000| Untracked 
|  39|0x00000000c5300000, 0x00000000c5300000, 0x00000000c5400000|  0%| F|  |TAMS 0x00000000c5300000| PB 0x00000000c5300000| Untracked 
|  40|0x00000000c5400000, 0x00000000c5400000, 0x00000000c5500000|  0%| F|  |TAMS 0x00000000c5400000| PB 0x00000000c5400000| Untracked 
|  41|0x00000000c5500000, 0x00000000c5500000, 0x00000000c5600000|  0%| F|  |TAMS 0x00000000c5500000| PB 0x00000000c5500000| Untracked 
|  42|0x00000000c5600000, 0x00000000c5600000, 0x00000000c5700000|  0%| F|  |TAMS 0x00000000c5600000| PB 0x00000000c5600000| Untracked 
|  43|0x00000000c5700000, 0x00000000c5700000, 0x00000000c5800000|  0%| F|  |TAMS 0x00000000c5700000| PB 0x00000000c5700000| Untracked 
|  44|0x00000000c5800000, 0x00000000c5800000, 0x00000000c5900000|  0%| F|  |TAMS 0x00000000c5800000| PB 0x00000000c5800000| Untracked 
|  45|0x00000000c5900000, 0x00000000c5900000, 0x00000000c5a00000|  0%| F|  |TAMS 0x00000000c5900000| PB 0x00000000c5900000| Untracked 
|  46|0x00000000c5a00000, 0x00000000c5a00000, 0x00000000c5b00000|  0%| F|  |TAMS 0x00000000c5a00000| PB 0x00000000c5a00000| Untracked 
|  47|0x00000000c5b00000, 0x00000000c5b00000, 0x00000000c5c00000|  0%| F|  |TAMS 0x00000000c5b00000| PB 0x00000000c5b00000| Untracked 
|  48|0x00000000c5c00000, 0x00000000c5c00000, 0x00000000c5d00000|  0%| F|  |TAMS 0x00000000c5c00000| PB 0x00000000c5c00000| Untracked 
|  49|0x00000000c5d00000, 0x00000000c5d00000, 0x00000000c5e00000|  0%| F|  |TAMS 0x00000000c5d00000| PB 0x00000000c5d00000| Untracked 
|  50|0x00000000c5e00000, 0x00000000c5e00000, 0x00000000c5f00000|  0%| F|  |TAMS 0x00000000c5e00000| PB 0x00000000c5e00000| Untracked 
|  51|0x00000000c5f00000, 0x00000000c5f00000, 0x00000000c6000000|  0%| F|  |TAMS 0x00000000c5f00000| PB 0x00000000c5f00000| Untracked 
|  52|0x00000000c6000000, 0x00000000c6000000, 0x00000000c6100000|  0%| F|  |TAMS 0x00000000c6000000| PB 0x00000000c6000000| Untracked 
|  53|0x00000000c6100000, 0x00000000c6100000, 0x00000000c6200000|  0%| F|  |TAMS 0x00000000c6100000| PB 0x00000000c6100000| Untracked 
|  54|0x00000000c6200000, 0x00000000c6200000, 0x00000000c6300000|  0%| F|  |TAMS 0x00000000c6200000| PB 0x00000000c6200000| Untracked 
|  55|0x00000000c6300000, 0x00000000c6300000, 0x00000000c6400000|  0%| F|  |TAMS 0x00000000c6300000| PB 0x00000000c6300000| Untracked 
|  56|0x00000000c6400000, 0x00000000c6400000, 0x00000000c6500000|  0%| F|  |TAMS 0x00000000c6400000| PB 0x00000000c6400000| Untracked 
|  57|0x00000000c6500000, 0x00000000c6500000, 0x00000000c6600000|  0%| F|  |TAMS 0x00000000c6500000| PB 0x00000000c6500000| Untracked 
|  58|0x00000000c6600000, 0x00000000c6600000, 0x00000000c6700000|  0%| F|  |TAMS 0x00000000c6600000| PB 0x00000000c6600000| Untracked 
|  59|0x00000000c6700000, 0x00000000c6700000, 0x00000000c6800000|  0%| F|  |TAMS 0x00000000c6700000| PB 0x00000000c6700000| Untracked 
|  60|0x00000000c6800000, 0x00000000c6800000, 0x00000000c6900000|  0%| F|  |TAMS 0x00000000c6800000| PB 0x00000000c6800000| Untracked 
|  61|0x00000000c6900000, 0x00000000c69df298, 0x00000000c6a00000| 87%| E|  |TAMS 0x00000000c6900000| PB 0x00000000c6900000| Complete 

Card table byte_map: [0x000001f5c97d0000,0x000001f5c99c0000] _byte_map_base: 0x000001f5c91ba000

Marking Bits: (CMBitMap*) 0x000001f5b2729d20
 Bits: [0x000001f5c9bb0000, 0x000001f5cab00000)

Polling page: 0x000001f5b1ec0000

Metaspace:

Usage:
  Non-class:      4.37 MB used.
      Class:    366.91 KB used.
       Both:      4.73 MB used.

Virtual space:
  Non-class space:       64.00 MB reserved,       4.38 MB (  7%) committed,  1 nodes.
      Class space:        1.00 GB reserved,     384.00 KB ( <1%) committed,  1 nodes.
             Both:        1.06 GB reserved,       4.75 MB ( <1%) committed. 

Chunk freelists:
   Non-Class:  3.00 MB
       Class:  3.62 MB
        Both:  6.62 MB

MaxMetaspaceSize: unlimited
CompressedClassSpaceSize: 1.00 GB
Initial GC threshold: 21.00 MB
Current GC threshold: 21.00 MB
CDS: off
MetaspaceReclaimPolicy: balanced
 - commit_granule_bytes: 65536.
 - commit_granule_words: 8192.
 - virtual_space_node_default_size: 8388608.
 - enlarge_chunks_in_place: 1.
 - new_chunks_are_fully_committed: 0.
 - uncommit_free_chunks: 1.
 - use_allocation_guard: 0.


Internal statistics:

num_allocs_failed_limit: 0.
num_arena_births: 2.
num_arena_deaths: 0.
num_vsnodes_births: 2.
num_vsnodes_deaths: 0.
num_space_committed: 76.
num_space_uncommitted: 0.
num_chunks_returned_to_freelist: 0.
num_chunks_taken_from_freelist: 5.
num_chunk_merges: 0.
num_chunk_splits: 2.
num_chunks_enlarged: 0.
num_inconsistent_stats: 0.

CodeHeap 'non-profiled nmethods': size=120064Kb used=11Kb max_used=11Kb free=120052Kb
 bounds [0x000001f5c2290000, 0x000001f5c2500000, 0x000001f5c97d0000]
CodeHeap 'profiled nmethods': size=120000Kb used=56Kb max_used=56Kb free=119943Kb
 bounds [0x000001f5ba7d0000, 0x000001f5baa40000, 0x000001f5c1d00000]
CodeHeap 'non-nmethods': size=5696Kb used=1266Kb max_used=1266Kb free=4430Kb
 bounds [0x000001f5c1d00000, 0x000001f5c1f70000, 0x000001f5c2290000]
 total_blobs=382 nmethods=48 adapters=246
 compilation: enabled
              stopped_count=0, restarted_count=0
 full_count=0

Compilation events (20 events):
Event: 0.784 Thread 0x000001f5ccdff2e0   30       3       java.net.URI::hash (33 bytes)
Event: 0.785 Thread 0x000001f5ccdff2e0 nmethod 30 0x000001f5ba7d8390 code [0x000001f5ba7d8580, 0x000001f5ba7d8a10]
Event: 0.791 Thread 0x000001f5ccdff2e0   31       3       java.lang.String::isEmpty (14 bytes)
Event: 0.791 Thread 0x000001f5ccdff2e0 nmethod 31 0x000001f5ba7d8b90 code [0x000001f5ba7d8d20, 0x000001f5ba7d8e98]
Event: 0.798 Thread 0x000001f5ccdff2e0   32       3       java.util.ImmutableCollections$SetN$SetNIterator::hasNext (13 bytes)
Event: 0.798 Thread 0x000001f5ccdff2e0 nmethod 32 0x000001f5ba7d8f90 code [0x000001f5ba7d9120, 0x000001f5ba7d9290]
Event: 0.799 Thread 0x000001f5ccdff2e0   33       3       java.util.concurrent.ConcurrentHashMap::tabAt (22 bytes)
Event: 0.799 Thread 0x000001f5ccdff2e0 nmethod 33 0x000001f5ba7d9310 code [0x000001f5ba7d94a0, 0x000001f5ba7d9770]
Event: 0.799 Thread 0x000001f5ccdff2e0   34       3       jdk.internal.misc.Unsafe::getReferenceAcquire (7 bytes)
Event: 0.799 Thread 0x000001f5ccdff2e0 nmethod 34 0x000001f5ba7d9890 code [0x000001f5ba7d9a20, 0x000001f5ba7d9b88]
Event: 0.799 Thread 0x000001f5ccdff2e0   36       3       java.util.concurrent.ConcurrentHashMap::spread (10 bytes)
Event: 0.799 Thread 0x000001f5ccdff2e0 nmethod 36 0x000001f5ba7d9c10 code [0x000001f5ba7d9da0, 0x000001f5ba7d9e98]
Event: 0.799 Thread 0x000001f5ccdff2e0   37       3       java.util.ImmutableCollections$SetN$SetNIterator::next (90 bytes)
Event: 0.800 Thread 0x000001f5ccdff2e0 nmethod 37 0x000001f5ba7d9f10 code [0x000001f5ba7da0c0, 0x000001f5ba7da3e0]
Event: 0.843 Thread 0x000001f5ccdff2e0   40   !   3       java.util.concurrent.ConcurrentHashMap::putVal (432 bytes)
Event: 0.847 Thread 0x000001f5ccdff2e0 nmethod 40 0x000001f5ba7da590 code [0x000001f5ba7da8e0, 0x000001f5ba7dc3b0]
Event: 0.847 Thread 0x000001f5ccdff2e0   41       3       java.util.concurrent.ConcurrentHashMap$Node::<init> (20 bytes)
Event: 0.847 Thread 0x000001f5ccdff2e0 nmethod 41 0x000001f5ba7dcd90 code [0x000001f5ba7dcf20, 0x000001f5ba7dd150]
Event: 0.847 Thread 0x000001f5ccdff2e0   42       3       java.util.concurrent.ConcurrentHashMap::addCount (280 bytes)
Event: 0.849 Thread 0x000001f5ccdff2e0 nmethod 42 0x000001f5ba7dd210 code [0x000001f5ba7dd440, 0x000001f5ba7dddb8]

GC Heap History (0 events):
No events

Dll operation events (2 events):
Event: 0.202 Loaded shared library C:\Program Files\Java\jdk-20\bin\java.dll
Event: 0.491 Loaded shared library C:\Program Files\Java\jdk-20\bin\jsvml.dll

Deoptimization events (0 events):
No events

Classes loaded (20 events):
Event: 0.854 Loading class java/lang/invoke/VarHandle$AccessType
Event: 0.854 Loading class java/lang/invoke/VarHandle$AccessType done
Event: 0.855 Loading class java/lang/invoke/Invokers$Holder
Event: 0.855 Loading class java/lang/invoke/Invokers$Holder done
Event: 0.856 Loading class java/lang/invoke/LambdaFormEditor
Event: 0.858 Loading class java/lang/invoke/LambdaFormEditor done
Event: 0.858 Loading class java/lang/invoke/LambdaFormEditor$TransformKey
Event: 0.859 Loading class java/lang/invoke/LambdaFormEditor$TransformKey done
Event: 0.859 Loading class java/lang/invoke/LambdaFormBuffer
Event: 0.859 Loading class java/lang/invoke/LambdaFormBuffer done
Event: 0.860 Loading class java/lang/invoke/LambdaFormEditor$Transform
Event: 0.860 Loading class java/lang/invoke/LambdaFormEditor$Transform done
Event: 0.861 Loading class jdk/internal/org/objectweb/asm/ClassWriter
Event: 0.861 Loading class jdk/internal/org/objectweb/asm/ClassVisitor
Event: 0.862 Loading class jdk/internal/org/objectweb/asm/ClassVisitor done
Event: 0.862 Loading class jdk/internal/org/objectweb/asm/ClassWriter done
Event: 0.862 Loading class jdk/internal/org/objectweb/asm/SymbolTable
Event: 0.863 Loading class jdk/internal/org/objectweb/asm/SymbolTable done
Event: 0.863 Loading class jdk/internal/org/objectweb/asm/SymbolTable$Entry
Event: 0.863 Loading class jdk/internal/org/objectweb/asm/Symbol

Classes unloaded (0 events):
No events

Classes redefined (0 events):
No events

Internal exceptions (0 events):
No events

VM Operations (0 events):
No events

Events (9 events):
Event: 0.494 Thread 0x000001f5b05ecff0 Thread added: 0x000001f5b05ecff0
Event: 0.631 Thread 0x000001f5ccda8830 Thread added: 0x000001f5ccda8830
Event: 0.633 Thread 0x000001f5ccde3120 Thread added: 0x000001f5ccde3120
Event: 0.652 Thread 0x000001f5ccde4620 Thread added: 0x000001f5ccde4620
Event: 0.652 Thread 0x000001f5ccde5f70 Thread added: 0x000001f5ccde5f70
Event: 0.653 Thread 0x000001f5ccdeb030 Thread added: 0x000001f5ccdeb030
Event: 0.653 Thread 0x000001f5ccdeb970 Thread added: 0x000001f5ccdeb970
Event: 0.654 Thread 0x000001f5ccded860 Thread added: 0x000001f5ccded860
Event: 0.656 Thread 0x000001f5ccdff2e0 Thread added: 0x000001f5ccdff2e0


Dynamic libraries:
0x00007ff612170000 - 0x00007ff612180000 	C:\Program Files\Java\jdk-20\bin\javaw.exe
0x00007ffa68570000 - 0x00007ffa68768000 	C:\WINDOWS\SYSTEM32\ntdll.dll
0x00007ffa665c0000 - 0x00007ffa6667f000 	C:\WINDOWS\System32\KERNEL32.DLL
0x00007ffa65dc0000 - 0x00007ffa66092000 	C:\WINDOWS\System32\KERNELBASE.dll
0x00007ffa449c0000 - 0x00007ffa449d9000 	C:\Program Files\Java\jdk-20\bin\jli.dll
0x00007ffa65c70000 - 0x00007ffa65d70000 	C:\WINDOWS\System32\ucrtbase.dll
0x00007ffa42a00000 - 0x00007ffa42a1b000 	C:\Program Files\Java\jdk-20\bin\VCRUNTIME140.dll
0x00007ffa66b10000 - 0x00007ffa66bbe000 	C:\WINDOWS\System32\ADVAPI32.dll
0x00007ffa67b10000 - 0x00007ffa67bae000 	C:\WINDOWS\System32\msvcrt.dll
0x00007ffa679c0000 - 0x00007ffa67a5c000 	C:\WINDOWS\System32\sechost.dll
0x00007ffa67310000 - 0x00007ffa67434000 	C:\WINDOWS\System32\RPCRT4.dll
0x00007ffa66840000 - 0x00007ffa669e1000 	C:\WINDOWS\System32\USER32.dll
0x00007ffa660a0000 - 0x00007ffa660c2000 	C:\WINDOWS\System32\win32u.dll
0x00007ffa66ab0000 - 0x00007ffa66adb000 	C:\WINDOWS\System32\GDI32.dll
0x00007ffa664b0000 - 0x00007ffa665bf000 	C:\WINDOWS\System32\gdi32full.dll
0x00007ffa66230000 - 0x00007ffa662cd000 	C:\WINDOWS\System32\msvcp_win.dll
0x00007ffa4d4e0000 - 0x00007ffa4d77a000 	C:\WINDOWS\WinSxS\amd64_microsoft.windows.common-controls_6595b64144ccf1df_6.0.19041.1110_none_60b5254171f9507e\COMCTL32.dll
0x00007ffa5d280000 - 0x00007ffa5d28a000 	C:\WINDOWS\SYSTEM32\VERSION.dll
0x00007ffa66ae0000 - 0x00007ffa66b10000 	C:\WINDOWS\System32\IMM32.DLL
0x00007ffa5d3f0000 - 0x00007ffa5d3fc000 	C:\Program Files\Java\jdk-20\bin\vcruntime140_1.dll
0x00007ffa12890000 - 0x00007ffa1291e000 	C:\Program Files\Java\jdk-20\bin\msvcp140.dll
0x00007ff9f6b60000 - 0x00007ff9f77f8000 	C:\Program Files\Java\jdk-20\bin\server\jvm.dll
0x00007ffa52420000 - 0x00007ffa52447000 	C:\WINDOWS\SYSTEM32\WINMM.dll
0x00007ffa42820000 - 0x00007ffa42829000 	C:\WINDOWS\SYSTEM32\WSOCK32.dll
0x00007ffa67950000 - 0x00007ffa679bb000 	C:\WINDOWS\System32\WS2_32.dll
0x00007ffa64510000 - 0x00007ffa64522000 	C:\WINDOWS\SYSTEM32\kernel.appcore.dll
0x00007ffa60b20000 - 0x00007ffa60b2a000 	C:\Program Files\Java\jdk-20\bin\jimage.dll
0x00007ffa641e0000 - 0x00007ffa643c4000 	C:\WINDOWS\SYSTEM32\DBGHELP.DLL
0x00007ffa55310000 - 0x00007ffa55345000 	C:\WINDOWS\SYSTEM32\dbgcore.DLL
0x00007ffa662d0000 - 0x00007ffa66352000 	C:\WINDOWS\System32\bcryptPrimitives.dll
0x00007ffa486d0000 - 0x00007ffa486f6000 	C:\Program Files\Java\jdk-20\bin\java.dll
0x00007ffa3a550000 - 0x00007ffa3a627000 	C:\Program Files\Java\jdk-20\bin\jsvml.dll
0x00007ffa66bc0000 - 0x00007ffa67305000 	C:\WINDOWS\System32\SHELL32.dll
0x00007ffa63970000 - 0x00007ffa64102000 	C:\WINDOWS\SYSTEM32\windows.storage.dll
0x00007ffa67590000 - 0x00007ffa678e5000 	C:\WINDOWS\System32\combase.dll
0x00007ffa655f0000 - 0x00007ffa65620000 	C:\WINDOWS\SYSTEM32\Wldp.dll
0x00007ffa67a60000 - 0x00007ffa67b0d000 	C:\WINDOWS\System32\SHCORE.dll
0x00007ffa67440000 - 0x00007ffa67495000 	C:\WINDOWS\System32\shlwapi.dll
0x00007ffa65bb0000 - 0x00007ffa65bcf000 	C:\WINDOWS\SYSTEM32\profapi.dll

dbghelp: loaded successfully - version: 4.0.5 - missing functions: none
symbol engine: initialized successfully - sym options: 0x614 - pdb path: .;C:\Program Files\Java\jdk-20\bin;C:\WINDOWS\SYSTEM32;C:\WINDOWS\WinSxS\amd64_microsoft.windows.common-controls_6595b64144ccf1df_6.0.19041.1110_none_60b5254171f9507e;C:\Program Files\Java\jdk-20\bin\server

VM Arguments:
jvm_args: -Dfile.encoding=UTF-8 -Dstdout.encoding=UTF-8 -Dstderr.encoding=UTF-8 --module-path=C:\Users\yiche\new-eclipse-workspace\A2part3\bin -XX:+ShowCodeDetailsInExceptionMessages -Djdk.module.main=A2part3 
java_command: A2part3/A2part3.a2Part1
java_class_path (initial): <not set>
Launcher Type: SUN_STANDARD

[Global flags]
     intx CICompilerCount                          = 2                                         {product} {ergonomic}
     uint ConcGCThreads                            = 1                                         {product} {ergonomic}
     uint G1ConcRefinementThreads                  = 2                                         {product} {ergonomic}
   size_t G1HeapRegionSize                         = 1048576                                   {product} {ergonomic}
    uintx GCDrainStackTargetSize                   = 64                                        {product} {ergonomic}
   size_t InitialHeapSize                          = 65011712                                  {product} {ergonomic}
   size_t MarkStackSize                            = 4194304                                   {product} {ergonomic}
   size_t MaxHeapSize                              = 1027604480                                {product} {ergonomic}
   size_t MaxNewSize                               = 616562688                                 {product} {ergonomic}
   size_t MinHeapDeltaBytes                        = 1048576                                   {product} {ergonomic}
   size_t MinHeapSize                              = 8388608                                   {product} {ergonomic}
    uintx NonNMethodCodeHeapSize                   = 5826188                                {pd product} {ergonomic}
    uintx NonProfiledCodeHeapSize                  = 122916026                              {pd product} {ergonomic}
    uintx ProfiledCodeHeapSize                     = 122916026                              {pd product} {ergonomic}
    uintx ReservedCodeCacheSize                    = 251658240                              {pd product} {ergonomic}
     bool SegmentedCodeCache                       = true                                      {product} {ergonomic}
     bool ShowCodeDetailsInExceptionMessages       = true                                   {manageable} {command line}
   size_t SoftMaxHeapSize                          = 1027604480                             {manageable} {ergonomic}
     bool UseCompressedClassPointers               = true                           {product lp64_product} {ergonomic}
     bool UseCompressedOops                        = true                           {product lp64_product} {ergonomic}
     bool UseG1GC                                  = true                                      {product} {ergonomic}
     bool UseLargePagesIndividualAllocation        = false                                  {pd product} {ergonomic}

Logging:
Log output configuration:
 #0: stdout all=warning uptime,level,tags foldmultilines=false
 #1: stderr all=off uptime,level,tags foldmultilines=false

Environment Variables:
PATH=C:/Program Files/Java/jdk-20/bin/server;C:/Program Files/Java/jdk-20/bin;C:\WINDOWS;C:\WINDOWS\System32\Wbem;C:\WINDOWS\System32\WindowsPowerShell\v1.0\;C:\WINDOWS\System32\OpenSSH\;C:\Program Files\Git\cmd;C:\Program Files\Java\jdk-20\bin;C:\Users\yiche\Downloads\apache-maven-3.9.4-bin\apache-maven-3.9.4\bin;C:\Program Files\PuTTY\;C:\Program Files (x86)\Common Files\Oracle\Java\javapath;C:\WINDOWS\system32;C:\WINDOWS;C:\WINDOWS\System32\Wbem;C:\WINDOWS\System32\WindowsPowerShell\v1.0\;C:\WINDOWS\System32\OpenSSH\;C:\Program Files\Git\cmd;C:\Users\yiche\AppData\Local\Microsoft\WindowsApps;C:\Users\yiche\AppData\Local\atom\bin;C:\Program Files\JetBrains\IntelliJ IDEA 2023.1.4\bin;C:\Program Files\JetBrains\IntelliJ IDEA Educational Edition 2022.2.2\bin;C:\Program Files\Java\jdk-20\bin;C:\Program Files\Java\jdk-20\bin;C:\Users\yiche\AppData\Local\Programs\Microsoft VS Code\bin;C:\Users\yiche\Desktop;
USERNAME=Yi
OS=Windows_NT
PROCESSOR_IDENTIFIER=Intel64 Family 6 Model 122 Stepping 1, GenuineIntel
TMP=C:\Users\yiche\AppData\Local\Temp
TEMP=C:\Users\yiche\AppData\Local\Temp




---------------  S Y S T E M  ---------------

OS:
 Windows 10 , 64 bit Build 19041 (10.0.19041.2546)
OS uptime: 1 days 8:34 hours

CPU: total 2 (initial active 2) (2 cores per cpu, 1 threads per core) family 6 model 122 stepping 1 microcode 0x2e, cx8, cmov, fxsr, mmx, 3dnowpref, sse, sse2, sse3, ssse3, sse4.1, sse4.2, popcnt, tsc, tscinvbit, aes, erms, clmul, sha, clflush, clflushopt, rdtscp, rdpid

Memory: 4k page, system-wide physical 3919M (272M free)
TotalPageFile size 8209M (AvailPageFile size 2M)
current process WorkingSet (physical memory assigned to process): 26M, peak: 26M
current process commit charge ("private bytes"): 120M, peak: 123M

vm_info: Java HotSpot(TM) 64-Bit Server VM (20.0.2+9-78) for windows-amd64 JRE (20.0.2+9-78), built on 2023-06-14T10:08:48Z by "mach5one" with MS VC++ 17.1 (VS2022)

END.
